android/app/build/intermediates/manifest_merge_blame_file/release/manifest-merger-blame-release-report.txt
1<?xml version="1.0" encoding="utf-8"?>
2<manifest xmlns:android="http://schemas.android.com/apk/res/android"
3    package="com.kcagroup"
4    android:versionCode="38"
5    android:versionName="1.1.1" >
6
7    <uses-sdk
8        android:minSdkVersion="21"
8-->src/main/AndroidManifest.xml
9        android:targetSdkVersion="35" />
9-->src/main/AndroidManifest.xml
10
11    <uses-permission android:name="android.permission.INTERNET" />
11-->src/main/AndroidManifest.xml:2:3-64
11-->src/main/AndroidManifest.xml:2:20-62
12    <uses-permission android:name="android.permission.ACCESS_NETWORK_STATE" />
12-->src/main/AndroidManifest.xml:3:3-76
12-->src/main/AndroidManifest.xml:3:20-74
13    <uses-permission android:name="android.permission.SYSTEM_ALERT_WINDOW" />
13-->src/main/AndroidManifest.xml:4:3-75
13-->src/main/AndroidManifest.xml:4:20-73
14    <uses-permission android:name="android.permission.WRITE_EXTERNAL_STORAGE" />
14-->src/main/AndroidManifest.xml:5:3-78
14-->src/main/AndroidManifest.xml:5:20-76
15    <uses-permission android:name="android.permission.READ_EXTERNAL_STORAGE" />
15-->src/main/AndroidManifest.xml:6:3-77
15-->src/main/AndroidManifest.xml:6:20-75
16    <!--
17         Required to keep CPU alive while downloading files
18        (NOT to keep screen awake)
19    -->
20    <uses-permission android:name="android.permission.WAKE_LOCK" /> <!-- Required to check whether Wi-Fi is enabled -->
20-->[:react-native-blob-util] AndroidManifest.xml:14:5-68
20-->[:react-native-blob-util] AndroidManifest.xml:14:22-65
21    <uses-permission android:name="android.permission.ACCESS_WIFI_STATE" /> <!-- Required to to download files without a notification -->
21-->[:react-native-blob-util] AndroidManifest.xml:23:5-76
21-->[:react-native-blob-util] AndroidManifest.xml:23:22-73
22    <uses-permission android:name="android.permission.DOWNLOAD_WITHOUT_NOTIFICATION" />
22-->[:react-native-blob-util] AndroidManifest.xml:32:5-88
22-->[:react-native-blob-util] AndroidManifest.xml:32:22-85
23
24    <queries>
24-->[com.razorpay:standard-core:1.6.54] AndroidManifest.xml:10:5-39:15
25        <intent>
25-->[com.razorpay:standard-core:1.6.54] AndroidManifest.xml:11:9-17:18
26            <action android:name="android.intent.action.VIEW" />
26-->src/main/AndroidManifest.xml:14:9-60
26-->src/main/AndroidManifest.xml:14:17-58
27
28            <data
28-->src/main/AndroidManifest.xml:17:9-42
29                android:mimeType="*/*"
30                android:scheme="*" />
30-->src/main/AndroidManifest.xml:17:15-40
31        </intent>
32        <intent>
32-->[com.razorpay:standard-core:1.6.54] AndroidManifest.xml:18:9-27:18
33            <action android:name="android.intent.action.VIEW" />
33-->src/main/AndroidManifest.xml:14:9-60
33-->src/main/AndroidManifest.xml:14:17-58
34
35            <category android:name="android.intent.category.BROWSABLE" />
35-->src/main/AndroidManifest.xml:16:9-69
35-->src/main/AndroidManifest.xml:16:19-67
36
37            <data
37-->src/main/AndroidManifest.xml:17:9-42
38                android:host="pay"
39                android:mimeType="*/*"
40                android:scheme="upi" />
40-->src/main/AndroidManifest.xml:17:15-40
41        </intent>
42        <intent>
42-->[com.razorpay:standard-core:1.6.54] AndroidManifest.xml:28:9-30:18
43            <action android:name="android.intent.action.MAIN" />
43-->src/main/AndroidManifest.xml:10:9-60
43-->src/main/AndroidManifest.xml:10:17-58
44        </intent>
45        <intent>
45-->[com.razorpay:standard-core:1.6.54] AndroidManifest.xml:31:9-35:18
46            <action android:name="android.intent.action.SEND" />
46-->[com.razorpay:standard-core:1.6.54] AndroidManifest.xml:32:13-65
46-->[com.razorpay:standard-core:1.6.54] AndroidManifest.xml:32:21-62
47
48            <data android:mimeType="*/*" />
48-->src/main/AndroidManifest.xml:17:9-42
49        </intent>
50        <intent>
50-->[com.razorpay:standard-core:1.6.54] AndroidManifest.xml:36:9-38:18
51            <action android:name="rzp.device_token.share" />
51-->[com.razorpay:standard-core:1.6.54] AndroidManifest.xml:37:13-61
51-->[com.razorpay:standard-core:1.6.54] AndroidManifest.xml:37:21-58
52        </intent>
53    </queries> <!-- Required by older versions of Google Play services to create IID tokens -->
54    <uses-permission android:name="com.google.android.c2dm.permission.RECEIVE" />
54-->[com.google.android.gms:play-services-iid:17.0.0] AndroidManifest.xml:23:5-82
54-->[com.google.android.gms:play-services-iid:17.0.0] AndroidManifest.xml:23:22-79
55
56    <uses-feature
56-->[com.google.android.gms:play-services-maps:17.0.0] AndroidManifest.xml:26:5-28:35
57        android:glEsVersion="0x00020000"
57-->[com.google.android.gms:play-services-maps:17.0.0] AndroidManifest.xml:27:9-41
58        android:required="true" />
58-->[com.google.android.gms:play-services-maps:17.0.0] AndroidManifest.xml:28:9-32
59
60    <uses-permission android:name="com.google.android.finsky.permission.BIND_GET_INSTALL_REFERRER_SERVICE" />
60-->[com.android.installreferrer:installreferrer:1.1.2] AndroidManifest.xml:9:5-110
60-->[com.android.installreferrer:installreferrer:1.1.2] AndroidManifest.xml:9:22-107
61
62    <application
62-->src/main/AndroidManifest.xml:7:3-20:17
63        android:name="com.kcagroup.MainApplication"
63-->src/main/AndroidManifest.xml:7:16-47
64        android:allowBackup="false"
64-->src/main/AndroidManifest.xml:7:162-189
65        android:appComponentFactory="androidx.core.app.CoreComponentFactory"
65-->[androidx.core:core:1.8.0] AndroidManifest.xml:24:18-86
66        android:icon="@mipmap/ic_launcher"
66-->src/main/AndroidManifest.xml:7:81-115
67        android:label="@string/app_name"
67-->src/main/AndroidManifest.xml:7:48-80
68        android:networkSecurityConfig="@xml/network_security_config"
68-->src/main/AndroidManifest.xml:7:222-282
69        android:roundIcon="@mipmap/ic_launcher_round"
69-->src/main/AndroidManifest.xml:7:116-161
70        android:theme="@style/AppTheme" >
70-->src/main/AndroidManifest.xml:7:190-221
71        <activity
71-->src/main/AndroidManifest.xml:8:5-19:16
72            android:name="com.kcagroup.MainActivity"
72-->src/main/AndroidManifest.xml:8:15-43
73            android:configChanges="keyboard|keyboardHidden|orientation|screenLayout|screenSize|smallestScreenSize|uiMode"
73-->src/main/AndroidManifest.xml:8:77-186
74            android:exported="true"
74-->src/main/AndroidManifest.xml:8:262-285
75            android:label="@string/app_name"
75-->src/main/AndroidManifest.xml:8:44-76
76            android:launchMode="singleTask"
76-->src/main/AndroidManifest.xml:8:187-218
77            android:windowSoftInputMode="adjustResize" >
77-->src/main/AndroidManifest.xml:8:219-261
78            <intent-filter>
78-->src/main/AndroidManifest.xml:9:7-12:23
79                <action android:name="android.intent.action.MAIN" />
79-->src/main/AndroidManifest.xml:10:9-60
79-->src/main/AndroidManifest.xml:10:17-58
80
81                <category android:name="android.intent.category.LAUNCHER" />
81-->src/main/AndroidManifest.xml:11:9-68
81-->src/main/AndroidManifest.xml:11:19-66
82            </intent-filter>
83            <intent-filter>
83-->src/main/AndroidManifest.xml:13:7-18:23
84                <action android:name="android.intent.action.VIEW" />
84-->src/main/AndroidManifest.xml:14:9-60
84-->src/main/AndroidManifest.xml:14:17-58
85
86                <category android:name="android.intent.category.DEFAULT" />
86-->src/main/AndroidManifest.xml:15:9-67
86-->src/main/AndroidManifest.xml:15:19-65
87                <category android:name="android.intent.category.BROWSABLE" />
87-->src/main/AndroidManifest.xml:16:9-69
87-->src/main/AndroidManifest.xml:16:19-67
88
89                <data android:scheme="kcagroup" />
89-->src/main/AndroidManifest.xml:17:9-42
89-->src/main/AndroidManifest.xml:17:15-40
90            </intent-filter>
91        </activity>
92        <activity
92-->[:react-native-razorpay] AndroidManifest.xml:8:9-10:86
93            android:name="com.razorpay.CheckoutActivity"
93-->[:react-native-razorpay] AndroidManifest.xml:9:13-57
94            android:configChanges="keyboard|keyboardHidden|orientation|screenSize"
94-->[:react-native-razorpay] AndroidManifest.xml:10:13-83
95            android:exported="false"
95-->[com.razorpay:standard-core:1.6.54] AndroidManifest.xml:45:13-37
96            android:theme="@style/CheckoutTheme" >
96-->[com.razorpay:standard-core:1.6.54] AndroidManifest.xml:46:13-49
97            <intent-filter>
97-->[com.razorpay:standard-core:1.6.54] AndroidManifest.xml:47:13-49:29
98                <action android:name="android.intent.action.MAIN" />
98-->src/main/AndroidManifest.xml:10:9-60
98-->src/main/AndroidManifest.xml:10:17-58
99            </intent-filter>
100        </activity>
101
102        <provider
102-->[:react-native-blob-util] AndroidManifest.xml:35:9-43:20
103            android:name="com.ReactNativeBlobUtil.Utils.FileProvider"
103-->[:react-native-blob-util] AndroidManifest.xml:36:13-70
104            android:authorities="com.kcagroup.provider"
104-->[:react-native-blob-util] AndroidManifest.xml:37:13-60
105            android:exported="false"
105-->[:react-native-blob-util] AndroidManifest.xml:38:13-37
106            android:grantUriPermissions="true" >
106-->[:react-native-blob-util] AndroidManifest.xml:39:13-47
107            <meta-data
107-->[:react-native-blob-util] AndroidManifest.xml:40:13-42:58
108                android:name="android.support.FILE_PROVIDER_PATHS"
108-->[:react-native-blob-util] AndroidManifest.xml:41:17-67
109                android:resource="@xml/provider_paths" />
109-->[:react-native-blob-util] AndroidManifest.xml:42:17-55
110        </provider>
111        <provider
111-->[:react-native-webview] AndroidManifest.xml:8:9-16:20
112            android:name="com.reactnativecommunity.webview.RNCWebViewFileProvider"
112-->[:react-native-webview] AndroidManifest.xml:9:13-83
113            android:authorities="com.kcagroup.fileprovider"
113-->[:react-native-webview] AndroidManifest.xml:10:13-64
114            android:exported="false"
114-->[:react-native-webview] AndroidManifest.xml:11:13-37
115            android:grantUriPermissions="true" >
115-->[:react-native-webview] AndroidManifest.xml:12:13-47
116            <meta-data
116-->[:react-native-blob-util] AndroidManifest.xml:40:13-42:58
117                android:name="android.support.FILE_PROVIDER_PATHS"
117-->[:react-native-blob-util] AndroidManifest.xml:41:17-67
118                android:resource="@xml/file_provider_paths" />
118-->[:react-native-blob-util] AndroidManifest.xml:42:17-55
119        </provider>
120        <provider
120-->[com.razorpay:standard-core:1.6.54] AndroidManifest.xml:52:9-60:20
121            android:name="androidx.startup.InitializationProvider"
121-->[com.razorpay:standard-core:1.6.54] AndroidManifest.xml:53:13-67
122            android:authorities="com.kcagroup.androidx-startup"
122-->[com.razorpay:standard-core:1.6.54] AndroidManifest.xml:54:13-68
123            android:exported="false" >
123-->[com.razorpay:standard-core:1.6.54] AndroidManifest.xml:55:13-37
124            <meta-data
124-->[com.razorpay:standard-core:1.6.54] AndroidManifest.xml:57:13-59:52
125                android:name="com.razorpay.RazorpayInitializer"
125-->[com.razorpay:standard-core:1.6.54] AndroidManifest.xml:58:17-64
126                android:value="androidx.startup" />
126-->[com.razorpay:standard-core:1.6.54] AndroidManifest.xml:59:17-49
127            <meta-data
127-->[androidx.emoji2:emoji2:1.2.0] AndroidManifest.xml:29:13-31:52
128                android:name="androidx.emoji2.text.EmojiCompatInitializer"
128-->[androidx.emoji2:emoji2:1.2.0] AndroidManifest.xml:30:17-75
129                android:value="androidx.startup" />
129-->[androidx.emoji2:emoji2:1.2.0] AndroidManifest.xml:31:17-49
130            <meta-data
130-->[androidx.lifecycle:lifecycle-process:2.4.1] AndroidManifest.xml:31:13-33:52
131                android:name="androidx.lifecycle.ProcessLifecycleInitializer"
131-->[androidx.lifecycle:lifecycle-process:2.4.1] AndroidManifest.xml:32:17-78
132                android:value="androidx.startup" />
132-->[androidx.lifecycle:lifecycle-process:2.4.1] AndroidManifest.xml:33:17-49
133        </provider>
134
135        <activity
135-->[com.razorpay:standard-core:1.6.54] AndroidManifest.xml:62:9-65:75
136            android:name="com.razorpay.MagicXActivity"
136-->[com.razorpay:standard-core:1.6.54] AndroidManifest.xml:63:13-55
137            android:exported="false"
137-->[com.razorpay:standard-core:1.6.54] AndroidManifest.xml:64:13-37
138            android:theme="@android:style/Theme.Translucent.NoTitleBar" />
138-->[com.razorpay:standard-core:1.6.54] AndroidManifest.xml:65:13-72
139
140        <meta-data
140-->[com.razorpay:standard-core:1.6.54] AndroidManifest.xml:67:9-69:58
141            android:name="com.razorpay.plugin.googlepay_all"
141-->[com.razorpay:standard-core:1.6.54] AndroidManifest.xml:68:13-61
142            android:value="com.razorpay.RzpGpayMerged" />
142-->[com.razorpay:standard-core:1.6.54] AndroidManifest.xml:69:13-55
143
144        <activity
144-->[com.google.android.gms:play-services-auth:21.1.0] AndroidManifest.xml:23:9-27:75
145            android:name="com.google.android.gms.auth.api.signin.internal.SignInHubActivity"
145-->[com.google.android.gms:play-services-auth:21.1.0] AndroidManifest.xml:24:13-93
146            android:excludeFromRecents="true"
146-->[com.google.android.gms:play-services-auth:21.1.0] AndroidManifest.xml:25:13-46
147            android:exported="false"
147-->[com.google.android.gms:play-services-auth:21.1.0] AndroidManifest.xml:26:13-37
148            android:theme="@android:style/Theme.Translucent.NoTitleBar" />
148-->[com.google.android.gms:play-services-auth:21.1.0] AndroidManifest.xml:27:13-72
149        <!--
150            Service handling Google Sign-In user revocation. For apps that do not integrate with
151            Google Sign-In, this service will never be started.
152        -->
153        <service
153-->[com.google.android.gms:play-services-auth:21.1.0] AndroidManifest.xml:33:9-37:51
154            android:name="com.google.android.gms.auth.api.signin.RevocationBoundService"
154-->[com.google.android.gms:play-services-auth:21.1.0] AndroidManifest.xml:34:13-89
155            android:exported="true"
155-->[com.google.android.gms:play-services-auth:21.1.0] AndroidManifest.xml:35:13-36
156            android:permission="com.google.android.gms.auth.api.signin.permission.REVOCATION_NOTIFICATION"
156-->[com.google.android.gms:play-services-auth:21.1.0] AndroidManifest.xml:36:13-107
157            android:visibleToInstantApps="true" /> <!-- Needs to be explicitly declared on P+ -->
157-->[com.google.android.gms:play-services-auth:21.1.0] AndroidManifest.xml:37:13-48
158        <uses-library
158-->[com.google.android.gms:play-services-maps:17.0.0] AndroidManifest.xml:33:9-35:40
159            android:name="org.apache.http.legacy"
159-->[com.google.android.gms:play-services-maps:17.0.0] AndroidManifest.xml:34:13-50
160            android:required="false" />
160-->[com.google.android.gms:play-services-maps:17.0.0] AndroidManifest.xml:35:13-37
161
162        <activity
162-->[com.google.android.gms:play-services-base:18.3.0] AndroidManifest.xml:20:9-22:45
163            android:name="com.google.android.gms.common.api.GoogleApiActivity"
163-->[com.google.android.gms:play-services-base:18.3.0] AndroidManifest.xml:20:19-85
164            android:exported="false"
164-->[com.google.android.gms:play-services-base:18.3.0] AndroidManifest.xml:22:19-43
165            android:theme="@android:style/Theme.Translucent.NoTitleBar" />
165-->[com.google.android.gms:play-services-base:18.3.0] AndroidManifest.xml:21:19-78
166
167        <meta-data
167-->[com.google.android.gms:play-services-basement:18.3.0] AndroidManifest.xml:21:9-23:69
168            android:name="com.google.android.gms.version"
168-->[com.google.android.gms:play-services-basement:18.3.0] AndroidManifest.xml:22:13-58
169            android:value="@integer/google_play_services_version" />
169-->[com.google.android.gms:play-services-basement:18.3.0] AndroidManifest.xml:23:13-66
170        <meta-data
170-->[com.facebook.soloader:soloader:0.10.5] AndroidManifest.xml:12:9-14:37
171            android:name="com.facebook.soloader.enabled"
171-->[com.facebook.soloader:soloader:0.10.5] AndroidManifest.xml:13:13-57
172            android:value="false" />
172-->[com.facebook.soloader:soloader:0.10.5] AndroidManifest.xml:14:13-34
173
174        <activity
174-->[com.jakewharton:process-phoenix:2.1.2] AndroidManifest.xml:8:9-12:75
175            android:name="com.jakewharton.processphoenix.ProcessPhoenix"
175-->[com.jakewharton:process-phoenix:2.1.2] AndroidManifest.xml:9:13-73
176            android:exported="false"
176-->[com.jakewharton:process-phoenix:2.1.2] AndroidManifest.xml:10:13-37
177            android:process=":phoenix"
177-->[com.jakewharton:process-phoenix:2.1.2] AndroidManifest.xml:11:13-39
178            android:theme="@android:style/Theme.Translucent.NoTitleBar" /> <!-- The activities will be merged into the manifest of the hosting app. -->
178-->[com.jakewharton:process-phoenix:2.1.2] AndroidManifest.xml:12:13-72
179        <activity
179-->[com.google.android.play:core-common:2.0.3] AndroidManifest.xml:14:9-18:65
180            android:name="com.google.android.play.core.common.PlayCoreDialogWrapperActivity"
180-->[com.google.android.play:core-common:2.0.3] AndroidManifest.xml:15:13-93
181            android:exported="false"
181-->[com.google.android.play:core-common:2.0.3] AndroidManifest.xml:16:13-37
182            android:stateNotNeeded="true"
182-->[com.google.android.play:core-common:2.0.3] AndroidManifest.xml:17:13-42
183            android:theme="@style/Theme.PlayCore.Transparent" />
183-->[com.google.android.play:core-common:2.0.3] AndroidManifest.xml:18:13-62
184    </application>
185
186</manifest>